2025-09-04 00:31:45 [INFO] app: App: Initiating
2025-09-04 00:31:45 [INFO] app: 	Simulation: Initiating
2025-09-04 00:31:45 [INFO] app: 		Orchestrator: Initiating
2025-09-04 00:31:45 [INFO] app: 			Model: Initiated Quadrotor
2025-09-04 00:31:45 [INFO] app: 			Model: Initiated MovingPlatform
2025-09-04 00:31:46 [INFO] app: 			Controller: Initiated QuadrotorController
2025-09-04 00:31:46 [INFO] app: 			Controller: Initiated MovingPlatformController
2025-09-04 00:31:46 [INFO] app: 			Predictor: Initiating
2025-09-04 00:31:46 [INFO] app: 				Detector: Initiated ArUcoMarkerDetector
2025-09-04 00:31:46 [INFO] app: 			Predictor: Initiated ArUcoMarkerPredictor
2025-09-04 00:31:46 [INFO] app: 		Orchestrator: Initiated Follow
2025-09-04 00:31:46 [INFO] app: 	Simulation: Initiated SimulationRunner
2025-09-04 00:31:46 [INFO] app: 	CameraStreamer: Initiated CameraStreamer
2025-09-04 00:31:46 [INFO] app: 	GUI: Initiated GUI
2025-09-04 00:31:46 [INFO] app: App: Initiated
2025-09-04 00:31:46 [INFO] app: App: Running
2025-09-04 00:31:46 [DEBUG] app: App: Connecting camera streamer to gui functions
2025-09-04 00:31:46 [DEBUG] app: App: Start streaming in background thread
2025-09-04 00:31:46 [DEBUG] app: App: Start simulation loop in background thread
2025-09-04 00:31:46 [DEBUG] app: Simulation: Running
2025-09-04 00:31:46 [DEBUG] app: App: Show gui in the main thread
2025-09-04 00:32:13 [DEBUG] app: Predictor: findings are stable
2025-09-04 00:32:13 [DEBUG] app: Predictor: full and stable
2025-09-04 00:32:13 [DEBUG] app: Predictor: prediction = [4.26000023 1.22000003 0.        ]
2025-09-04 00:32:35 [DEBUG] app: GUI: pressed terminate
2025-09-04 00:32:35 [DEBUG] app: Simulation: Terminate
2025-09-04 00:32:35 [INFO] app: Simulation: Terminated
2025-09-04 00:32:36 [INFO] app: App: Exiting
2025-09-04 00:32:37 [INFO] app: Plots: plotted logs to output_plot.png
2025-09-04 00:32:37 [INFO] app: App: Exited
